

Microchip MPLAB XC8 Assembler V2.32 build 20210201212658 
                                                                                               Sun Jul 04 17:32:31 2021

Microchip MPLAB XC8 C Compiler v2.32 (Free license) build 20210201212658 Og1 
     1                           	processor	16F1827
     2                           	pagewidth 120
     3                           	opt	flic
     4                           	psect	cinit,global,class=CODE,merge=1,delta=2
     5                           	psect	cstackCOMMON,global,class=COMMON,space=1,delta=1,noexec
     6                           	psect	maintext,global,class=CODE,merge=1,split=1,delta=2
     7                           	psect	text1,local,class=CODE,merge=1,delta=2
     8                           	psect	text2,local,class=CODE,merge=1,delta=2
     9                           	psect	text3,local,class=CODE,merge=1,delta=2
    10                           	psect	text4,local,class=CODE,merge=1,delta=2
    11                           	psect	intentry,global,class=CODE,delta=2
    12                           	psect	text6,local,class=CODE,merge=1,delta=2
    13                           	psect	config,global,abs,ovrld,class=CONFIG,space=4,delta=2,noexec
    14                           	dabs	1,0x7E,2
    15  0000                     
    16                           ; Version 2.32
    17                           ; Generated 02/02/2021 GMT
    18                           ; 
    19                           ; Copyright © 2021, Microchip Technology Inc. and its subsidiaries ("Microchip")
    20                           ; All rights reserved.
    21                           ; 
    22                           ; This software is developed by Microchip Technology Inc. and its subsidiaries ("Microch
      +                          ip").
    23                           ; 
    24                           ; Redistribution and use in source and binary forms, with or without modification, are
    25                           ; permitted provided that the following conditions are met:
    26                           ; 
    27                           ;     1. Redistributions of source code must retain the above copyright notice, this lis
      +                          t of
    28                           ;        conditions and the following disclaimer.
    29                           ; 
    30                           ;     2. Redistributions in binary form must reproduce the above copyright notice, this 
      +                          list
    31                           ;        of conditions and the following disclaimer in the documentation and/or other
    32                           ;        materials provided with the distribution. Publication is not required when
    33                           ;        this file is used in an embedded application.
    34                           ; 
    35                           ;     3. Microchip's name may not be used to endorse or promote products derived from th
      +                          is
    36                           ;        software without specific prior written permission.
    37                           ; 
    38                           ; THIS SOFTWARE IS PROVIDED BY MICROCHIP "AS IS" AND ANY EXPRESS OR IMPLIED WARRANTIES,
    39                           ; INCLUDING, BUT NOT LIMITED TO, THE IMPLIED WARRANTIES OF MERCHANTABILITY AND FITNESS F
      +                          OR
    40                           ; PURPOSE ARE DISCLAIMED.  IN NO EVENT SHALL MICROCHIP BE LIABLE FOR ANY DIRECT, INDIREC
      +                          T,
    41                           ; INCIDENTAL, SPECIAL, EXEMPLARY, OR CONSEQUENTIAL DAMAGES (INCLUDING BUT NOT LIMITED TO
    42                           ; PROCUREMENT OF SUBSTITUTE GOODS OR SERVICES; LOSS OF USE, DATA OR PROFITS; OR BUSINESS
    43                           ; INTERRUPTION) HOWSOEVER CAUSED AND ON ANY THEORY OF LIABILITY, WHETHER IN CONTRACT, ST
      +                          RICT
    44                           ; LIABILITY, OR TORT (INCLUDING NEGLIGENCE OR OTHERWISE) ARISING IN ANY WAY OUT OF THE U
      +                          SE OF
    45                           ; THIS SOFTWARE, EVEN IF ADVISED OF THE POSSIBILITY OF SUCH DAMAGE.
    46                           ; 
    47                           ; 
    48                           ; Code-generator required, PIC16F1827 Definitions
    49                           ; 
    50                           ; SFR Addresses
    51  0000                     	;# 
    52  0001                     	;# 
    53  0002                     	;# 
    54  0003                     	;# 
    55  0004                     	;# 
    56  0005                     	;# 
    57  0006                     	;# 
    58  0007                     	;# 
    59  0008                     	;# 
    60  0009                     	;# 
    61  000A                     	;# 
    62  000B                     	;# 
    63  000C                     	;# 
    64  000D                     	;# 
    65  0011                     	;# 
    66  0012                     	;# 
    67  0013                     	;# 
    68  0014                     	;# 
    69  0015                     	;# 
    70  0016                     	;# 
    71  0016                     	;# 
    72  0017                     	;# 
    73  0018                     	;# 
    74  0019                     	;# 
    75  001A                     	;# 
    76  001B                     	;# 
    77  001C                     	;# 
    78  001E                     	;# 
    79  001F                     	;# 
    80  008C                     	;# 
    81  008D                     	;# 
    82  0091                     	;# 
    83  0092                     	;# 
    84  0093                     	;# 
    85  0094                     	;# 
    86  0095                     	;# 
    87  0096                     	;# 
    88  0097                     	;# 
    89  0098                     	;# 
    90  0099                     	;# 
    91  009A                     	;# 
    92  009B                     	;# 
    93  009B                     	;# 
    94  009C                     	;# 
    95  009D                     	;# 
    96  009E                     	;# 
    97  010C                     	;# 
    98  010D                     	;# 
    99  0111                     	;# 
   100  0112                     	;# 
   101  0113                     	;# 
   102  0114                     	;# 
   103  0115                     	;# 
   104  0116                     	;# 
   105  0117                     	;# 
   106  0118                     	;# 
   107  0119                     	;# 
   108  011A                     	;# 
   109  011B                     	;# 
   110  011D                     	;# 
   111  011E                     	;# 
   112  018C                     	;# 
   113  018D                     	;# 
   114  0191                     	;# 
   115  0191                     	;# 
   116  0192                     	;# 
   117  0193                     	;# 
   118  0193                     	;# 
   119  0193                     	;# 
   120  0194                     	;# 
   121  0195                     	;# 
   122  0196                     	;# 
   123  0199                     	;# 
   124  019A                     	;# 
   125  019B                     	;# 
   126  019B                     	;# 
   127  019B                     	;# 
   128  019B                     	;# 
   129  019C                     	;# 
   130  019C                     	;# 
   131  019D                     	;# 
   132  019E                     	;# 
   133  019F                     	;# 
   134  020C                     	;# 
   135  020D                     	;# 
   136  0211                     	;# 
   137  0211                     	;# 
   138  0212                     	;# 
   139  0212                     	;# 
   140  0213                     	;# 
   141  0213                     	;# 
   142  0214                     	;# 
   143  0214                     	;# 
   144  0215                     	;# 
   145  0215                     	;# 
   146  0215                     	;# 
   147  0216                     	;# 
   148  0216                     	;# 
   149  0217                     	;# 
   150  0217                     	;# 
   151  0219                     	;# 
   152  021A                     	;# 
   153  021B                     	;# 
   154  021C                     	;# 
   155  021D                     	;# 
   156  021E                     	;# 
   157  021F                     	;# 
   158  0291                     	;# 
   159  0291                     	;# 
   160  0292                     	;# 
   161  0293                     	;# 
   162  0294                     	;# 
   163  0295                     	;# 
   164  0295                     	;# 
   165  0296                     	;# 
   166  0298                     	;# 
   167  0298                     	;# 
   168  0299                     	;# 
   169  029A                     	;# 
   170  029B                     	;# 
   171  029C                     	;# 
   172  029C                     	;# 
   173  029D                     	;# 
   174  029E                     	;# 
   175  029E                     	;# 
   176  0311                     	;# 
   177  0311                     	;# 
   178  0312                     	;# 
   179  0313                     	;# 
   180  0318                     	;# 
   181  0318                     	;# 
   182  0319                     	;# 
   183  031A                     	;# 
   184  0394                     	;# 
   185  0395                     	;# 
   186  0396                     	;# 
   187  039A                     	;# 
   188  039C                     	;# 
   189  039D                     	;# 
   190  039E                     	;# 
   191  039F                     	;# 
   192  0415                     	;# 
   193  0416                     	;# 
   194  0417                     	;# 
   195  041C                     	;# 
   196  041D                     	;# 
   197  041E                     	;# 
   198  0FE4                     	;# 
   199  0FE5                     	;# 
   200  0FE6                     	;# 
   201  0FE7                     	;# 
   202  0FE8                     	;# 
   203  0FE9                     	;# 
   204  0FEA                     	;# 
   205  0FEB                     	;# 
   206  0FED                     	;# 
   207  0FEE                     	;# 
   208  0FEF                     	;# 
   209  0000                     	;# 
   210  0001                     	;# 
   211  0002                     	;# 
   212  0003                     	;# 
   213  0004                     	;# 
   214  0005                     	;# 
   215  0006                     	;# 
   216  0007                     	;# 
   217  0008                     	;# 
   218  0009                     	;# 
   219  000A                     	;# 
   220  000B                     	;# 
   221  000C                     	;# 
   222  000D                     	;# 
   223  0011                     	;# 
   224  0012                     	;# 
   225  0013                     	;# 
   226  0014                     	;# 
   227  0015                     	;# 
   228  0016                     	;# 
   229  0016                     	;# 
   230  0017                     	;# 
   231  0018                     	;# 
   232  0019                     	;# 
   233  001A                     	;# 
   234  001B                     	;# 
   235  001C                     	;# 
   236  001E                     	;# 
   237  001F                     	;# 
   238  008C                     	;# 
   239  008D                     	;# 
   240  0091                     	;# 
   241  0092                     	;# 
   242  0093                     	;# 
   243  0094                     	;# 
   244  0095                     	;# 
   245  0096                     	;# 
   246  0097                     	;# 
   247  0098                     	;# 
   248  0099                     	;# 
   249  009A                     	;# 
   250  009B                     	;# 
   251  009B                     	;# 
   252  009C                     	;# 
   253  009D                     	;# 
   254  009E                     	;# 
   255  010C                     	;# 
   256  010D                     	;# 
   257  0111                     	;# 
   258  0112                     	;# 
   259  0113                     	;# 
   260  0114                     	;# 
   261  0115                     	;# 
   262  0116                     	;# 
   263  0117                     	;# 
   264  0118                     	;# 
   265  0119                     	;# 
   266  011A                     	;# 
   267  011B                     	;# 
   268  011D                     	;# 
   269  011E                     	;# 
   270  018C                     	;# 
   271  018D                     	;# 
   272  0191                     	;# 
   273  0191                     	;# 
   274  0192                     	;# 
   275  0193                     	;# 
   276  0193                     	;# 
   277  0193                     	;# 
   278  0194                     	;# 
   279  0195                     	;# 
   280  0196                     	;# 
   281  0199                     	;# 
   282  019A                     	;# 
   283  019B                     	;# 
   284  019B                     	;# 
   285  019B                     	;# 
   286  019B                     	;# 
   287  019C                     	;# 
   288  019C                     	;# 
   289  019D                     	;# 
   290  019E                     	;# 
   291  019F                     	;# 
   292  020C                     	;# 
   293  020D                     	;# 
   294  0211                     	;# 
   295  0211                     	;# 
   296  0212                     	;# 
   297  0212                     	;# 
   298  0213                     	;# 
   299  0213                     	;# 
   300  0214                     	;# 
   301  0214                     	;# 
   302  0215                     	;# 
   303  0215                     	;# 
   304  0215                     	;# 
   305  0216                     	;# 
   306  0216                     	;# 
   307  0217                     	;# 
   308  0217                     	;# 
   309  0219                     	;# 
   310  021A                     	;# 
   311  021B                     	;# 
   312  021C                     	;# 
   313  021D                     	;# 
   314  021E                     	;# 
   315  021F                     	;# 
   316  0291                     	;# 
   317  0291                     	;# 
   318  0292                     	;# 
   319  0293                     	;# 
   320  0294                     	;# 
   321  0295                     	;# 
   322  0295                     	;# 
   323  0296                     	;# 
   324  0298                     	;# 
   325  0298                     	;# 
   326  0299                     	;# 
   327  029A                     	;# 
   328  029B                     	;# 
   329  029C                     	;# 
   330  029C                     	;# 
   331  029D                     	;# 
   332  029E                     	;# 
   333  029E                     	;# 
   334  0311                     	;# 
   335  0311                     	;# 
   336  0312                     	;# 
   337  0313                     	;# 
   338  0318                     	;# 
   339  0318                     	;# 
   340  0319                     	;# 
   341  031A                     	;# 
   342  0394                     	;# 
   343  0395                     	;# 
   344  0396                     	;# 
   345  039A                     	;# 
   346  039C                     	;# 
   347  039D                     	;# 
   348  039E                     	;# 
   349  039F                     	;# 
   350  0415                     	;# 
   351  0416                     	;# 
   352  0417                     	;# 
   353  041C                     	;# 
   354  041D                     	;# 
   355  041E                     	;# 
   356  0FE4                     	;# 
   357  0FE5                     	;# 
   358  0FE6                     	;# 
   359  0FE7                     	;# 
   360  0FE8                     	;# 
   361  0FE9                     	;# 
   362  0FEA                     	;# 
   363  0FEB                     	;# 
   364  0FED                     	;# 
   365  0FEE                     	;# 
   366  0FEF                     	;# 
   367  0000                     	;# 
   368  0001                     	;# 
   369  0002                     	;# 
   370  0003                     	;# 
   371  0004                     	;# 
   372  0005                     	;# 
   373  0006                     	;# 
   374  0007                     	;# 
   375  0008                     	;# 
   376  0009                     	;# 
   377  000A                     	;# 
   378  000B                     	;# 
   379  000C                     	;# 
   380  000D                     	;# 
   381  0011                     	;# 
   382  0012                     	;# 
   383  0013                     	;# 
   384  0014                     	;# 
   385  0015                     	;# 
   386  0016                     	;# 
   387  0016                     	;# 
   388  0017                     	;# 
   389  0018                     	;# 
   390  0019                     	;# 
   391  001A                     	;# 
   392  001B                     	;# 
   393  001C                     	;# 
   394  001E                     	;# 
   395  001F                     	;# 
   396  008C                     	;# 
   397  008D                     	;# 
   398  0091                     	;# 
   399  0092                     	;# 
   400  0093                     	;# 
   401  0094                     	;# 
   402  0095                     	;# 
   403  0096                     	;# 
   404  0097                     	;# 
   405  0098                     	;# 
   406  0099                     	;# 
   407  009A                     	;# 
   408  009B                     	;# 
   409  009B                     	;# 
   410  009C                     	;# 
   411  009D                     	;# 
   412  009E                     	;# 
   413  010C                     	;# 
   414  010D                     	;# 
   415  0111                     	;# 
   416  0112                     	;# 
   417  0113                     	;# 
   418  0114                     	;# 
   419  0115                     	;# 
   420  0116                     	;# 
   421  0117                     	;# 
   422  0118                     	;# 
   423  0119                     	;# 
   424  011A                     	;# 
   425  011B                     	;# 
   426  011D                     	;# 
   427  011E                     	;# 
   428  018C                     	;# 
   429  018D                     	;# 
   430  0191                     	;# 
   431  0191                     	;# 
   432  0192                     	;# 
   433  0193                     	;# 
   434  0193                     	;# 
   435  0193                     	;# 
   436  0194                     	;# 
   437  0195                     	;# 
   438  0196                     	;# 
   439  0199                     	;# 
   440  019A                     	;# 
   441  019B                     	;# 
   442  019B                     	;# 
   443  019B                     	;# 
   444  019B                     	;# 
   445  019C                     	;# 
   446  019C                     	;# 
   447  019D                     	;# 
   448  019E                     	;# 
   449  019F                     	;# 
   450  020C                     	;# 
   451  020D                     	;# 
   452  0211                     	;# 
   453  0211                     	;# 
   454  0212                     	;# 
   455  0212                     	;# 
   456  0213                     	;# 
   457  0213                     	;# 
   458  0214                     	;# 
   459  0214                     	;# 
   460  0215                     	;# 
   461  0215                     	;# 
   462  0215                     	;# 
   463  0216                     	;# 
   464  0216                     	;# 
   465  0217                     	;# 
   466  0217                     	;# 
   467  0219                     	;# 
   468  021A                     	;# 
   469  021B                     	;# 
   470  021C                     	;# 
   471  021D                     	;# 
   472  021E                     	;# 
   473  021F                     	;# 
   474  0291                     	;# 
   475  0291                     	;# 
   476  0292                     	;# 
   477  0293                     	;# 
   478  0294                     	;# 
   479  0295                     	;# 
   480  0295                     	;# 
   481  0296                     	;# 
   482  0298                     	;# 
   483  0298                     	;# 
   484  0299                     	;# 
   485  029A                     	;# 
   486  029B                     	;# 
   487  029C                     	;# 
   488  029C                     	;# 
   489  029D                     	;# 
   490  029E                     	;# 
   491  029E                     	;# 
   492  0311                     	;# 
   493  0311                     	;# 
   494  0312                     	;# 
   495  0313                     	;# 
   496  0318                     	;# 
   497  0318                     	;# 
   498  0319                     	;# 
   499  031A                     	;# 
   500  0394                     	;# 
   501  0395                     	;# 
   502  0396                     	;# 
   503  039A                     	;# 
   504  039C                     	;# 
   505  039D                     	;# 
   506  039E                     	;# 
   507  039F                     	;# 
   508  0415                     	;# 
   509  0416                     	;# 
   510  0417                     	;# 
   511  041C                     	;# 
   512  041D                     	;# 
   513  041E                     	;# 
   514  0FE4                     	;# 
   515  0FE5                     	;# 
   516  0FE6                     	;# 
   517  0FE7                     	;# 
   518  0FE8                     	;# 
   519  0FE9                     	;# 
   520  0FEA                     	;# 
   521  0FEB                     	;# 
   522  0FED                     	;# 
   523  0FEE                     	;# 
   524  0FEF                     	;# 
   525  0000                     	;# 
   526  0001                     	;# 
   527  0002                     	;# 
   528  0003                     	;# 
   529  0004                     	;# 
   530  0005                     	;# 
   531  0006                     	;# 
   532  0007                     	;# 
   533  0008                     	;# 
   534  0009                     	;# 
   535  000A                     	;# 
   536  000B                     	;# 
   537  000C                     	;# 
   538  000D                     	;# 
   539  0011                     	;# 
   540  0012                     	;# 
   541  0013                     	;# 
   542  0014                     	;# 
   543  0015                     	;# 
   544  0016                     	;# 
   545  0016                     	;# 
   546  0017                     	;# 
   547  0018                     	;# 
   548  0019                     	;# 
   549  001A                     	;# 
   550  001B                     	;# 
   551  001C                     	;# 
   552  001E                     	;# 
   553  001F                     	;# 
   554  008C                     	;# 
   555  008D                     	;# 
   556  0091                     	;# 
   557  0092                     	;# 
   558  0093                     	;# 
   559  0094                     	;# 
   560  0095                     	;# 
   561  0096                     	;# 
   562  0097                     	;# 
   563  0098                     	;# 
   564  0099                     	;# 
   565  009A                     	;# 
   566  009B                     	;# 
   567  009B                     	;# 
   568  009C                     	;# 
   569  009D                     	;# 
   570  009E                     	;# 
   571  010C                     	;# 
   572  010D                     	;# 
   573  0111                     	;# 
   574  0112                     	;# 
   575  0113                     	;# 
   576  0114                     	;# 
   577  0115                     	;# 
   578  0116                     	;# 
   579  0117                     	;# 
   580  0118                     	;# 
   581  0119                     	;# 
   582  011A                     	;# 
   583  011B                     	;# 
   584  011D                     	;# 
   585  011E                     	;# 
   586  018C                     	;# 
   587  018D                     	;# 
   588  0191                     	;# 
   589  0191                     	;# 
   590  0192                     	;# 
   591  0193                     	;# 
   592  0193                     	;# 
   593  0193                     	;# 
   594  0194                     	;# 
   595  0195                     	;# 
   596  0196                     	;# 
   597  0199                     	;# 
   598  019A                     	;# 
   599  019B                     	;# 
   600  019B                     	;# 
   601  019B                     	;# 
   602  019B                     	;# 
   603  019C                     	;# 
   604  019C                     	;# 
   605  019D                     	;# 
   606  019E                     	;# 
   607  019F                     	;# 
   608  020C                     	;# 
   609  020D                     	;# 
   610  0211                     	;# 
   611  0211                     	;# 
   612  0212                     	;# 
   613  0212                     	;# 
   614  0213                     	;# 
   615  0213                     	;# 
   616  0214                     	;# 
   617  0214                     	;# 
   618  0215                     	;# 
   619  0215                     	;# 
   620  0215                     	;# 
   621  0216                     	;# 
   622  0216                     	;# 
   623  0217                     	;# 
   624  0217                     	;# 
   625  0219                     	;# 
   626  021A                     	;# 
   627  021B                     	;# 
   628  021C                     	;# 
   629  021D                     	;# 
   630  021E                     	;# 
   631  021F                     	;# 
   632  0291                     	;# 
   633  0291                     	;# 
   634  0292                     	;# 
   635  0293                     	;# 
   636  0294                     	;# 
   637  0295                     	;# 
   638  0295                     	;# 
   639  0296                     	;# 
   640  0298                     	;# 
   641  0298                     	;# 
   642  0299                     	;# 
   643  029A                     	;# 
   644  029B                     	;# 
   645  029C                     	;# 
   646  029C                     	;# 
   647  029D                     	;# 
   648  029E                     	;# 
   649  029E                     	;# 
   650  0311                     	;# 
   651  0311                     	;# 
   652  0312                     	;# 
   653  0313                     	;# 
   654  0318                     	;# 
   655  0318                     	;# 
   656  0319                     	;# 
   657  031A                     	;# 
   658  0394                     	;# 
   659  0395                     	;# 
   660  0396                     	;# 
   661  039A                     	;# 
   662  039C                     	;# 
   663  039D                     	;# 
   664  039E                     	;# 
   665  039F                     	;# 
   666  0415                     	;# 
   667  0416                     	;# 
   668  0417                     	;# 
   669  041C                     	;# 
   670  041D                     	;# 
   671  041E                     	;# 
   672  0FE4                     	;# 
   673  0FE5                     	;# 
   674  0FE6                     	;# 
   675  0FE7                     	;# 
   676  0FE8                     	;# 
   677  0FE9                     	;# 
   678  0FEA                     	;# 
   679  0FEB                     	;# 
   680  0FED                     	;# 
   681  0FEE                     	;# 
   682  0FEF                     	;# 
   683  0011                     _PIR1bits	set	17
   684  005F                     _GIE	set	95
   685  005E                     _PEIE	set	94
   686  0091                     _PIE1bits	set	145
   687  0097                     _WDTCON	set	151
   688  0098                     _OSCTUNE	set	152
   689  0099                     _OSCCON	set	153
   690  0095                     _OPTION_REGbits	set	149
   691  008D                     _TRISB	set	141
   692  008C                     _TRISA	set	140
   693  0116                     _BORCON	set	278
   694  011E                     _APFCON1	set	286
   695  011D                     _APFCON0	set	285
   696  010D                     _LATB	set	269
   697  010C                     _LATA	set	268
   698  0199                     _RCREG	set	409
   699  019D                     _RCSTAbits	set	413
   700  019A                     _TXREG	set	410
   701  019E                     _TXSTAbits	set	414
   702  019B                     _SPBRG	set	411
   703  019F                     _BAUDCON	set	415
   704  019D                     _RCSTA	set	413
   705  019E                     _TXSTA	set	414
   706  018C                     _ANSELA	set	396
   707  018D                     _ANSELB	set	397
   708  020C                     _WPUA	set	524
   709  020D                     _WPUB	set	525
   710                           
   711                           	psect	cinit
   712  0032                     start_initialization:	
   713                           ; #config settings
   714                           
   715  0032                     __initialization:
   716  0032                     end_of_initialization:	
   717                           ;End of C runtime variable initialization code
   718                           
   719  0032                     __end_of__initialization:
   720  0032  107E               	bcf	int$flags,0	;clear compiler interrupt flag (level 1)
   721  0033  0020               	movlb	0
   722  0034  3180  2836         	ljmp	_main	;jump to C main() function
   723                           
   724                           	psect	cstackCOMMON
   725  0070                     __pcstackCOMMON:
   726  0070                     ?_OSCILLATOR_Initialize:
   727  0070                     ?_WDT_Initialize:	
   728                           ; 1 bytes @ 0x0
   729                           
   730  0070                     ?_PIN_MANAGER_Initialize:	
   731                           ; 1 bytes @ 0x0
   732                           
   733  0070                     ?_SYSTEM_Initialize:	
   734                           ; 1 bytes @ 0x0
   735                           
   736  0070                     ?_main:	
   737                           ; 1 bytes @ 0x0
   738                           
   739  0070                     ?_send:	
   740                           ; 1 bytes @ 0x0
   741                           
   742  0070                     ??_send:	
   743                           ; 1 bytes @ 0x0
   744                           
   745  0070                     ?_isr:	
   746                           ; 1 bytes @ 0x0
   747                           
   748  0070                     send@data:	
   749                           ; 1 bytes @ 0x0
   750                           
   751                           
   752                           ; 1 bytes @ 0x0
   753  0070                     	ds	1
   754  0071                     ??_OSCILLATOR_Initialize:
   755  0071                     ??_WDT_Initialize:	
   756                           ; 1 bytes @ 0x1
   757                           
   758  0071                     ??_PIN_MANAGER_Initialize:	
   759                           ; 1 bytes @ 0x1
   760                           
   761  0071                     ??_SYSTEM_Initialize:	
   762                           ; 1 bytes @ 0x1
   763                           
   764  0071                     ??_main:	
   765                           ; 1 bytes @ 0x1
   766                           
   767  0071                     ??_isr:	
   768                           ; 1 bytes @ 0x1
   769                           
   770                           
   771                           	psect	maintext
   772  0036                     __pmaintext:	
   773                           ; 1 bytes @ 0x1
   774 ;;
   775 ;;Main: autosize = 0, tempsize = 0, incstack = 0, save=0
   776 ;;
   777 ;; *************** function _main *****************
   778 ;; Defined at:
   779 ;;		line 6 in file "main.c"
   780 ;; Parameters:    Size  Location     Type
   781 ;;		None
   782 ;; Auto vars:     Size  Location     Type
   783 ;;		None
   784 ;; Return value:  Size  Location     Type
   785 ;;                  1    wreg      void 
   786 ;; Registers used:
   787 ;;		wreg, status,2, status,0, pclath, cstack
   788 ;; Tracked objects:
   789 ;;		On entry : B1F/0
   790 ;;		On exit  : 0/0
   791 ;;		Unchanged: 0/0
   792 ;; Data sizes:     COMMON   BANK0   BANK1   BANK2   BANK3   BANK4
   793 ;;      Params:         0       0       0       0       0       0
   794 ;;      Locals:         0       0       0       0       0       0
   795 ;;      Temps:          0       0       0       0       0       0
   796 ;;      Totals:         0       0       0       0       0       0
   797 ;;Total ram usage:        0 bytes
   798 ;; Hardware stack levels required when called: 4
   799 ;; This function calls:
   800 ;;		_SYSTEM_Initialize
   801 ;; This function is called by:
   802 ;;		Startup code after reset
   803 ;; This function uses a non-reentrant model
   804 ;;
   805                           
   806                           
   807                           ;psect for function _main
   808  0036                     _main:
   809  0036                     l747:	
   810                           ;incstack = 0
   811                           ; Regs used in _main: [wreg+status,2+status,0+pclath+cstack]
   812                           
   813                           
   814                           ;main.c: 8:     SYSTEM_Initialize();
   815  0036  3180  2068  3180   	fcall	_SYSTEM_Initialize
   816  0039                     l749:
   817                           
   818                           ;main.c: 10:     ANSELA = 0x0;
   819  0039  0023               	movlb	3	; select bank3
   820  003A  018C               	clrf	12	;volatile
   821  003B                     l751:
   822                           
   823                           ;main.c: 11:     ANSELB = 0x0;
   824  003B  018D               	clrf	13	;volatile
   825  003C                     l753:
   826                           
   827                           ;main.c: 13:     TRISA = 0x0;
   828  003C  0021               	movlb	1	; select bank1
   829  003D  018C               	clrf	12	;volatile
   830  003E                     l755:
   831                           
   832                           ;main.c: 15:     TRISB = 0x02;
   833  003E  3002               	movlw	2
   834  003F  008D               	movwf	13	;volatile
   835  0040                     l757:
   836                           
   837                           ;main.c: 18:     TXSTA = 0x02;
   838  0040  3002               	movlw	2
   839  0041  0023               	movlb	3	; select bank3
   840  0042  009E               	movwf	30	;volatile
   841  0043                     l759:
   842                           
   843                           ;main.c: 20:     RCSTA = 0x90;
   844  0043  3090               	movlw	144
   845  0044  009D               	movwf	29	;volatile
   846  0045                     l761:
   847                           
   848                           ;main.c: 22:     BAUDCON = 0x08;
   849  0045  3008               	movlw	8
   850  0046  009F               	movwf	31	;volatile
   851  0047                     l763:
   852                           
   853                           ;main.c: 24:     SPBRG = 51;
   854  0047  3033               	movlw	51
   855  0048  009B               	movwf	27	;volatile
   856  0049                     l765:
   857                           
   858                           ;main.c: 27:     PIR1bits.RCIF = 0;
   859  0049  0020               	movlb	0	; select bank0
   860  004A  1291               	bcf	17,5	;volatile
   861  004B                     l767:
   862                           
   863                           ;main.c: 30:     PIE1bits.RCIE = 1;
   864  004B  0021               	movlb	1	; select bank1
   865  004C  1691               	bsf	17,5	;volatile
   866  004D                     l769:
   867                           
   868                           ;main.c: 32:     PEIE = 1;
   869  004D  170B               	bsf	11,6	;volatile
   870  004E                     l771:
   871                           
   872                           ;main.c: 34:     GIE = 1;
   873  004E  178B               	bsf	11,7	;volatile
   874  004F                     l92:	
   875                           ;main.c: 37:     while (1)
   876                           
   877  004F                     l93:	
   878                           ;main.c: 38:     {;main.c: 40:     }
   879                           
   880  004F  284F               	goto	l92
   881  0050  3180  2830         	ljmp	start
   882  0052                     __end_of_main:
   883                           
   884                           	psect	text1
   885  0068                     __ptext1:	
   886 ;; *************** function _SYSTEM_Initialize *****************
   887 ;; Defined at:
   888 ;;		line 50 in file "mcc_generated_files/mcc.c"
   889 ;; Parameters:    Size  Location     Type
   890 ;;		None
   891 ;; Auto vars:     Size  Location     Type
   892 ;;		None
   893 ;; Return value:  Size  Location     Type
   894 ;;                  1    wreg      void 
   895 ;; Registers used:
   896 ;;		wreg, status,2, status,0, pclath, cstack
   897 ;; Tracked objects:
   898 ;;		On entry : 0/0
   899 ;;		On exit  : 0/0
   900 ;;		Unchanged: 0/0
   901 ;; Data sizes:     COMMON   BANK0   BANK1   BANK2   BANK3   BANK4
   902 ;;      Params:         0       0       0       0       0       0
   903 ;;      Locals:         0       0       0       0       0       0
   904 ;;      Temps:          0       0       0       0       0       0
   905 ;;      Totals:         0       0       0       0       0       0
   906 ;;Total ram usage:        0 bytes
   907 ;; Hardware stack levels used: 1
   908 ;; Hardware stack levels required when called: 3
   909 ;; This function calls:
   910 ;;		_OSCILLATOR_Initialize
   911 ;;		_PIN_MANAGER_Initialize
   912 ;;		_WDT_Initialize
   913 ;; This function is called by:
   914 ;;		_main
   915 ;; This function uses a non-reentrant model
   916 ;;
   917                           
   918                           
   919                           ;psect for function _SYSTEM_Initialize
   920  0068                     _SYSTEM_Initialize:
   921  0068                     l741:	
   922                           ;incstack = 0
   923                           ; Regs used in _SYSTEM_Initialize: [wreg+status,2+status,0+pclath+cstack]
   924                           
   925                           
   926                           ;mcc_generated_files/mcc.c: 53:     PIN_MANAGER_Initialize();
   927  0068  3180  2052  3180   	fcall	_PIN_MANAGER_Initialize
   928                           
   929                           ;mcc_generated_files/mcc.c: 54:     OSCILLATOR_Initialize();
   930  006B  3180  207B  3180   	fcall	_OSCILLATOR_Initialize
   931                           
   932                           ;mcc_generated_files/mcc.c: 55:     WDT_Initialize();
   933  006E  3180  2082  3180   	fcall	_WDT_Initialize
   934  0071                     l45:
   935  0071  0008               	return
   936  0072                     __end_of_SYSTEM_Initialize:
   937                           
   938                           	psect	text2
   939  0082                     __ptext2:	
   940 ;; *************** function _WDT_Initialize *****************
   941 ;; Defined at:
   942 ;;		line 68 in file "mcc_generated_files/mcc.c"
   943 ;; Parameters:    Size  Location     Type
   944 ;;		None
   945 ;; Auto vars:     Size  Location     Type
   946 ;;		None
   947 ;; Return value:  Size  Location     Type
   948 ;;                  1    wreg      void 
   949 ;; Registers used:
   950 ;;		wreg
   951 ;; Tracked objects:
   952 ;;		On entry : 0/0
   953 ;;		On exit  : 0/0
   954 ;;		Unchanged: 0/0
   955 ;; Data sizes:     COMMON   BANK0   BANK1   BANK2   BANK3   BANK4
   956 ;;      Params:         0       0       0       0       0       0
   957 ;;      Locals:         0       0       0       0       0       0
   958 ;;      Temps:          0       0       0       0       0       0
   959 ;;      Totals:         0       0       0       0       0       0
   960 ;;Total ram usage:        0 bytes
   961 ;; Hardware stack levels used: 1
   962 ;; Hardware stack levels required when called: 2
   963 ;; This function calls:
   964 ;;		Nothing
   965 ;; This function is called by:
   966 ;;		_SYSTEM_Initialize
   967 ;; This function uses a non-reentrant model
   968 ;;
   969                           
   970                           
   971                           ;psect for function _WDT_Initialize
   972  0082                     _WDT_Initialize:
   973  0082                     l739:	
   974                           ;incstack = 0
   975                           ; Regs used in _WDT_Initialize: [wreg]
   976                           
   977                           
   978                           ;mcc_generated_files/mcc.c: 71:     WDTCON = 0x16;
   979  0082  3016               	movlw	22
   980  0083  0021               	movlb	1	; select bank1
   981  0084  0097               	movwf	23	;volatile
   982  0085                     l51:
   983  0085  0008               	return
   984  0086                     __end_of_WDT_Initialize:
   985                           
   986                           	psect	text3
   987  0052                     __ptext3:	
   988 ;; *************** function _PIN_MANAGER_Initialize *****************
   989 ;; Defined at:
   990 ;;		line 55 in file "mcc_generated_files/pin_manager.c"
   991 ;; Parameters:    Size  Location     Type
   992 ;;		None
   993 ;; Auto vars:     Size  Location     Type
   994 ;;		None
   995 ;; Return value:  Size  Location     Type
   996 ;;                  1    wreg      void 
   997 ;; Registers used:
   998 ;;		wreg, status,2
   999 ;; Tracked objects:
  1000 ;;		On entry : 0/0
  1001 ;;		On exit  : 0/0
  1002 ;;		Unchanged: 0/0
  1003 ;; Data sizes:     COMMON   BANK0   BANK1   BANK2   BANK3   BANK4
  1004 ;;      Params:         0       0       0       0       0       0
  1005 ;;      Locals:         0       0       0       0       0       0
  1006 ;;      Temps:          0       0       0       0       0       0
  1007 ;;      Totals:         0       0       0       0       0       0
  1008 ;;Total ram usage:        0 bytes
  1009 ;; Hardware stack levels used: 1
  1010 ;; Hardware stack levels required when called: 2
  1011 ;; This function calls:
  1012 ;;		Nothing
  1013 ;; This function is called by:
  1014 ;;		_SYSTEM_Initialize
  1015 ;; This function uses a non-reentrant model
  1016 ;;
  1017                           
  1018                           
  1019                           ;psect for function _PIN_MANAGER_Initialize
  1020  0052                     _PIN_MANAGER_Initialize:
  1021  0052                     l721:	
  1022                           ;incstack = 0
  1023                           ; Regs used in _PIN_MANAGER_Initialize: [wreg+status,2]
  1024                           
  1025                           
  1026                           ;mcc_generated_files/pin_manager.c: 60:     LATA = 0x00;
  1027  0052  0022               	movlb	2	; select bank2
  1028  0053  018C               	clrf	12	;volatile
  1029                           
  1030                           ;mcc_generated_files/pin_manager.c: 61:     LATB = 0x00;
  1031  0054  018D               	clrf	13	;volatile
  1032  0055                     l723:
  1033                           
  1034                           ;mcc_generated_files/pin_manager.c: 66:     TRISA = 0xFF;
  1035  0055  30FF               	movlw	255
  1036  0056  0021               	movlb	1	; select bank1
  1037  0057  008C               	movwf	12	;volatile
  1038  0058                     l725:
  1039                           
  1040                           ;mcc_generated_files/pin_manager.c: 67:     TRISB = 0xFF;
  1041  0058  30FF               	movlw	255
  1042  0059  008D               	movwf	13	;volatile
  1043  005A                     l727:
  1044                           
  1045                           ;mcc_generated_files/pin_manager.c: 72:     ANSELB = 0xFE;
  1046  005A  30FE               	movlw	254
  1047  005B  0023               	movlb	3	; select bank3
  1048  005C  008D               	movwf	13	;volatile
  1049  005D                     l729:
  1050                           
  1051                           ;mcc_generated_files/pin_manager.c: 73:     ANSELA = 0x1F;
  1052  005D  301F               	movlw	31
  1053  005E  008C               	movwf	12	;volatile
  1054                           
  1055                           ;mcc_generated_files/pin_manager.c: 78:     WPUB = 0x00;
  1056  005F  0024               	movlb	4	; select bank4
  1057  0060  018D               	clrf	13	;volatile
  1058                           
  1059                           ;mcc_generated_files/pin_manager.c: 79:     WPUA = 0x00;
  1060  0061  018C               	clrf	12	;volatile
  1061  0062                     l731:
  1062                           
  1063                           ;mcc_generated_files/pin_manager.c: 80:     OPTION_REGbits.nWPUEN = 1;
  1064  0062  0021               	movlb	1	; select bank1
  1065  0063  1795               	bsf	21,7	;volatile
  1066                           
  1067                           ;mcc_generated_files/pin_manager.c: 86:     APFCON0 = 0x00;
  1068  0064  0022               	movlb	2	; select bank2
  1069  0065  019D               	clrf	29	;volatile
  1070                           
  1071                           ;mcc_generated_files/pin_manager.c: 87:     APFCON1 = 0x00;
  1072  0066  019E               	clrf	30	;volatile
  1073  0067                     l25:
  1074  0067  0008               	return
  1075  0068                     __end_of_PIN_MANAGER_Initialize:
  1076                           
  1077                           	psect	text4
  1078  007B                     __ptext4:	
  1079 ;; *************** function _OSCILLATOR_Initialize *****************
  1080 ;; Defined at:
  1081 ;;		line 58 in file "mcc_generated_files/mcc.c"
  1082 ;; Parameters:    Size  Location     Type
  1083 ;;		None
  1084 ;; Auto vars:     Size  Location     Type
  1085 ;;		None
  1086 ;; Return value:  Size  Location     Type
  1087 ;;                  1    wreg      void 
  1088 ;; Registers used:
  1089 ;;		wreg, status,2
  1090 ;; Tracked objects:
  1091 ;;		On entry : 0/0
  1092 ;;		On exit  : 0/0
  1093 ;;		Unchanged: 0/0
  1094 ;; Data sizes:     COMMON   BANK0   BANK1   BANK2   BANK3   BANK4
  1095 ;;      Params:         0       0       0       0       0       0
  1096 ;;      Locals:         0       0       0       0       0       0
  1097 ;;      Temps:          0       0       0       0       0       0
  1098 ;;      Totals:         0       0       0       0       0       0
  1099 ;;Total ram usage:        0 bytes
  1100 ;; Hardware stack levels used: 1
  1101 ;; Hardware stack levels required when called: 2
  1102 ;; This function calls:
  1103 ;;		Nothing
  1104 ;; This function is called by:
  1105 ;;		_SYSTEM_Initialize
  1106 ;; This function uses a non-reentrant model
  1107 ;;
  1108                           
  1109                           
  1110                           ;psect for function _OSCILLATOR_Initialize
  1111  007B                     _OSCILLATOR_Initialize:
  1112  007B                     l733:	
  1113                           ;incstack = 0
  1114                           ; Regs used in _OSCILLATOR_Initialize: [wreg+status,2]
  1115                           
  1116                           
  1117                           ;mcc_generated_files/mcc.c: 61:     OSCCON = 0x70;
  1118  007B  3070               	movlw	112
  1119  007C  0021               	movlb	1	; select bank1
  1120  007D  0099               	movwf	25	;volatile
  1121  007E                     l735:
  1122                           
  1123                           ;mcc_generated_files/mcc.c: 63:     OSCTUNE = 0x00;
  1124  007E  0198               	clrf	24	;volatile
  1125  007F                     l737:
  1126                           
  1127                           ;mcc_generated_files/mcc.c: 65:     BORCON = 0x00;
  1128  007F  0022               	movlb	2	; select bank2
  1129  0080  0196               	clrf	22	;volatile
  1130  0081                     l48:
  1131  0081  0008               	return
  1132  0082                     __end_of_OSCILLATOR_Initialize:
  1133                           
  1134                           	psect	intentry
  1135  0004                     __pintentry:	
  1136 ;; *************** function _isr *****************
  1137 ;; Defined at:
  1138 ;;		line 55 in file "main.c"
  1139 ;; Parameters:    Size  Location     Type
  1140 ;;		None
  1141 ;; Auto vars:     Size  Location     Type
  1142 ;;		None
  1143 ;; Return value:  Size  Location     Type
  1144 ;;                  1    wreg      void 
  1145 ;; Registers used:
  1146 ;;		wreg, status,2, status,0, pclath, cstack
  1147 ;; Tracked objects:
  1148 ;;		On entry : 0/0
  1149 ;;		On exit  : 0/0
  1150 ;;		Unchanged: 0/0
  1151 ;; Data sizes:     COMMON   BANK0   BANK1   BANK2   BANK3   BANK4
  1152 ;;      Params:         0       0       0       0       0       0
  1153 ;;      Locals:         0       0       0       0       0       0
  1154 ;;      Temps:          0       0       0       0       0       0
  1155 ;;      Totals:         0       0       0       0       0       0
  1156 ;;Total ram usage:        0 bytes
  1157 ;; Hardware stack levels used: 1
  1158 ;; Hardware stack levels required when called: 1
  1159 ;; This function calls:
  1160 ;;		_send
  1161 ;; This function is called by:
  1162 ;;		Interrupt level 1
  1163 ;; This function uses a non-reentrant model
  1164 ;;
  1165                           
  1166  0004                     _isr:
  1167                           
  1168                           ;incstack = 0
  1169  0004  147E               	bsf	int$flags,0	;set compiler interrupt flag (level 1)
  1170                           
  1171                           ; Regs used in _isr: [wreg+status,2+status,0+pclath+cstack]
  1172  0005  3180               	pagesel	$
  1173  0006                     i1l773:
  1174                           
  1175                           ;main.c: 56:     if(PIR1bits.RCIF){
  1176  0006  0020               	movlb	0	; select bank0
  1177  0007  1E91               	btfss	17,5	;volatile
  1178  0008  280A               	goto	u2_21
  1179  0009  280B               	goto	u2_20
  1180  000A                     u2_21:
  1181  000A  282E               	goto	i1l113
  1182  000B                     u2_20:
  1183  000B                     i1l775:
  1184                           
  1185                           ;main.c: 58:         PIR1bits.RCIF = 0;
  1186  000B  1291               	bcf	17,5	;volatile
  1187                           
  1188                           ;main.c: 60:         if((RCSTAbits.OERR) || (RCSTAbits.FERR)){
  1189  000C  0023               	movlb	3	; select bank3
  1190  000D  189D               	btfsc	29,1	;volatile
  1191  000E  2810               	goto	u3_21
  1192  000F  2811               	goto	u3_20
  1193  0010                     u3_21:
  1194  0010  2815               	goto	i1l779
  1195  0011                     u3_20:
  1196  0011                     i1l777:
  1197  0011  1D1D               	btfss	29,2	;volatile
  1198  0012  2814               	goto	u4_21
  1199  0013  2815               	goto	u4_20
  1200  0014                     u4_21:
  1201  0014  2819               	goto	i1l783
  1202  0015                     u4_20:
  1203  0015                     i1l779:
  1204                           
  1205                           ;main.c: 61:             RCSTA = 0;
  1206  0015  019D               	clrf	29	;volatile
  1207  0016                     i1l781:
  1208                           
  1209                           ;main.c: 62:             RCSTA = 0x90;
  1210  0016  3090               	movlw	144
  1211  0017  009D               	movwf	29	;volatile
  1212                           
  1213                           ;main.c: 63:         }else{
  1214  0018  282E               	goto	i1l113
  1215  0019                     i1l783:
  1216                           
  1217                           ;main.c: 65:             if(RCREG == 0){
  1218  0019  0819               	movf	25,w	;volatile
  1219  001A  1D03               	btfss	3,2
  1220  001B  281D               	goto	u5_21
  1221  001C  281E               	goto	u5_20
  1222  001D                     u5_21:
  1223  001D  2820               	goto	i1l787
  1224  001E                     u5_20:
  1225  001E                     i1l785:
  1226                           
  1227                           ;main.c: 67:                 LATA = 0x0;
  1228  001E  0022               	movlb	2	; select bank2
  1229  001F  018C               	clrf	12	;volatile
  1230  0020                     i1l787:
  1231                           
  1232                           ;main.c: 69:             if(RCREG == 1){
  1233  0020  0023               	movlb	3	; select bank3
  1234  0021  0319               	decf	25,w	;volatile
  1235  0022  1D03               	btfss	3,2
  1236  0023  2825               	goto	u6_21
  1237  0024  2826               	goto	u6_20
  1238  0025                     u6_21:
  1239  0025  2829               	goto	i1l791
  1240  0026                     u6_20:
  1241  0026                     i1l789:
  1242                           
  1243                           ;main.c: 71:                 LATA = 0x02;
  1244  0026  3002               	movlw	2
  1245  0027  0022               	movlb	2	; select bank2
  1246  0028  008C               	movwf	12	;volatile
  1247  0029                     i1l791:
  1248                           
  1249                           ;main.c: 73:             send(RCREG);
  1250  0029  0023               	movlb	3	; select bank3
  1251  002A  0819               	movf	25,w	;volatile
  1252  002B  3180  2072  3180   	fcall	_send
  1253  002E                     i1l113:
  1254  002E  107E               	bcf	int$flags,0	;clear compiler interrupt flag (level 1)
  1255  002F  0009               	retfie
  1256  0030                     __end_of_isr:
  1257                           
  1258                           	psect	text6
  1259  0072                     __ptext6:	
  1260 ;; *************** function _send *****************
  1261 ;; Defined at:
  1262 ;;		line 47 in file "main.c"
  1263 ;; Parameters:    Size  Location     Type
  1264 ;;  data            1    wreg     unsigned char 
  1265 ;; Auto vars:     Size  Location     Type
  1266 ;;  data            1    0[COMMON] unsigned char 
  1267 ;; Return value:  Size  Location     Type
  1268 ;;                  1    wreg      void 
  1269 ;; Registers used:
  1270 ;;		wreg
  1271 ;; Tracked objects:
  1272 ;;		On entry : 0/0
  1273 ;;		On exit  : 0/0
  1274 ;;		Unchanged: 0/0
  1275 ;; Data sizes:     COMMON   BANK0   BANK1   BANK2   BANK3   BANK4
  1276 ;;      Params:         0       0       0       0       0       0
  1277 ;;      Locals:         1       0       0       0       0       0
  1278 ;;      Temps:          0       0       0       0       0       0
  1279 ;;      Totals:         1       0       0       0       0       0
  1280 ;;Total ram usage:        1 bytes
  1281 ;; Hardware stack levels used: 1
  1282 ;; This function calls:
  1283 ;;		Nothing
  1284 ;; This function is called by:
  1285 ;;		_isr
  1286 ;; This function uses a non-reentrant model
  1287 ;;
  1288                           
  1289                           
  1290                           ;psect for function _send
  1291  0072                     _send:
  1292                           
  1293                           ;incstack = 0
  1294                           ; Regs used in _send: [wreg]
  1295                           ;send@data stored from wreg
  1296  0072  00F0               	movwf	send@data
  1297  0073                     i1l743:
  1298  0073                     i1l98:	
  1299                           ;main.c: 48:     while(!TXSTAbits.TRMT);
  1300                           
  1301  0073  0023               	movlb	3	; select bank3
  1302  0074  1C9E               	btfss	30,1	;volatile
  1303  0075  2877               	goto	u1_21
  1304  0076  2878               	goto	u1_20
  1305  0077                     u1_21:
  1306  0077  2873               	goto	i1l98
  1307  0078                     u1_20:
  1308  0078                     i1l745:
  1309                           
  1310                           ;main.c: 49:     TXREG = data;
  1311  0078  0870               	movf	send@data,w
  1312  0079  009A               	movwf	26	;volatile
  1313  007A                     i1l101:
  1314  007A  0008               	return
  1315  007B                     __end_of_send:
  1316  007E                     btemp	set	126	;btemp
  1317  007E                     int$flags	set	126
  1318  007E                     wtemp0	set	126
  1319                           
  1320                           	psect	config
  1321                           
  1322                           ;Config register CONFIG1 @ 0x8007
  1323                           ;	Oscillator Selection
  1324                           ;	FOSC = INTOSC, INTOSC oscillator: I/O function on CLKIN pin
  1325                           ;	Watchdog Timer Enable
  1326                           ;	WDTE = OFF, WDT disabled
  1327                           ;	Power-up Timer Enable
  1328                           ;	PWRTE = OFF, PWRT disabled
  1329                           ;	MCLR Pin Function Select
  1330                           ;	MCLRE = ON, MCLR/VPP pin function is MCLR
  1331                           ;	Flash Program Memory Code Protection
  1332                           ;	CP = OFF, Program memory code protection is disabled
  1333                           ;	Data Memory Code Protection
  1334                           ;	CPD = OFF, Data memory code protection is disabled
  1335                           ;	Brown-out Reset Enable
  1336                           ;	BOREN = ON, Brown-out Reset enabled
  1337                           ;	Clock Out Enable
  1338                           ;	CLKOUTEN = OFF, CLKOUT function is disabled. I/O or oscillator function on the CLKOUT 
      +                          pin
  1339                           ;	Internal/External Switchover
  1340                           ;	IESO = ON, Internal/External Switchover mode is enabled
  1341                           ;	Fail-Safe Clock Monitor Enable
  1342                           ;	FCMEN = ON, Fail-Safe Clock Monitor is enabled
  1343  8007                     	org	32775
  1344  8007  3FE4               	dw	16356
  1345                           
  1346                           ;Config register CONFIG2 @ 0x8008
  1347                           ;	Flash Memory Self-Write Protection
  1348                           ;	WRT = OFF, Write protection off
  1349                           ;	PLL Enable
  1350                           ;	PLLEN = OFF, 4x PLL disabled
  1351                           ;	Stack Overflow/Underflow Reset Enable
  1352                           ;	STVREN = ON, Stack Overflow or Underflow will cause a Reset
  1353                           ;	Brown-out Reset Voltage Selection
  1354                           ;	BORV = LO, Brown-out Reset Voltage (Vbor), low trip point selected.
  1355                           ;	Low-Voltage Programming Enable
  1356                           ;	LVP = OFF, High-voltage on MCLR/VPP must be used for programming
  1357  8008                     	org	32776
  1358  8008  1EFF               	dw	7935

Data Sizes:
    Strings     0
    Constant    0
    Data        0
    BSS         0
    Persistent  32
    Stack       0

Auto Spaces:
    Space          Size  Autos    Used
    COMMON           14      1       1
    BANK0            80      0       0
    BANK1            80      0       0
    BANK2            80      0       0
    BANK3            80      0       0
    BANK4            48      0       0

Pointer List with Targets:

    None.

Critical Paths under _main in COMMON

    None.

Critical Paths under _isr in COMMON

    _isr->_send

Critical Paths under _main in BANK0

    None.

Critical Paths under _isr in BANK0

    None.

Critical Paths under _main in BANK1

    None.

Critical Paths under _isr in BANK1

    None.

Critical Paths under _main in BANK2

    None.

Critical Paths under _isr in BANK2

    None.

Critical Paths under _main in BANK3

    None.

Critical Paths under _isr in BANK3

    None.

Critical Paths under _main in BANK4

    None.

Critical Paths under _isr in BANK4

    None.

Call Graph Tables:

 ---------------------------------------------------------------------------------
 (Depth) Function   	        Calls       Base Space   Used Autos Params    Refs
 ---------------------------------------------------------------------------------
 (0) _main                                                 0     0      0       0
                  _SYSTEM_Initialize
 ---------------------------------------------------------------------------------
 (1) _SYSTEM_Initialize                                    0     0      0       0
              _OSCILLATOR_Initialize
             _PIN_MANAGER_Initialize
                     _WDT_Initialize
 ---------------------------------------------------------------------------------
 (2) _WDT_Initialize                                       0     0      0       0
 ---------------------------------------------------------------------------------
 (2) _PIN_MANAGER_Initialize                               0     0      0       0
 ---------------------------------------------------------------------------------
 (2) _OSCILLATOR_Initialize                                0     0      0       0
 ---------------------------------------------------------------------------------
 Estimated maximum stack depth 2
 ---------------------------------------------------------------------------------
 (Depth) Function   	        Calls       Base Space   Used Autos Params    Refs
 ---------------------------------------------------------------------------------
 (3) _isr                                                  0     0      0      15
                               _send
 ---------------------------------------------------------------------------------
 (4) _send                                                 1     1      0      15
                                              0 COMMON     1     1      0
 ---------------------------------------------------------------------------------
 Estimated maximum stack depth 4
 ---------------------------------------------------------------------------------

 Call Graph Graphs:

 _main (ROOT)
   _SYSTEM_Initialize
     _OSCILLATOR_Initialize
     _PIN_MANAGER_Initialize
     _WDT_Initialize

 _isr (ROOT)
   _send

 Address spaces:
Name               Size   Autos  Total    Cost      Usage
BIGRAM             170      0       0       0        0.0%
EEDATA             100      0       0       0        0.0%
NULL                 0      0       0       0        0.0%
CODE                 0      0       0       0        0.0%
BITCOMMON            E      0       0       1        0.0%
BITSFR0              0      0       0       1        0.0%
SFR0                 0      0       0       1        0.0%
COMMON               E      1       1       2        7.1%
BITSFR1              0      0       0       2        0.0%
SFR1                 0      0       0       2        0.0%
BITSFR2              0      0       0       3        0.0%
SFR2                 0      0       0       3        0.0%
STACK                0      0       0       3        0.0%
BITSFR3              0      0       0       4        0.0%
SFR3                 0      0       0       4        0.0%
ABS                  0      0       0       4        0.0%
BITBANK0            50      0       0       5        0.0%
BITSFR4              0      0       0       5        0.0%
SFR4                 0      0       0       5        0.0%
BANK0               50      0       0       6        0.0%
BITSFR5              0      0       0       6        0.0%
SFR5                 0      0       0       6        0.0%
BITBANK1            50      0       0       7        0.0%
BITSFR6              0      0       0       7        0.0%
SFR6                 0      0       0       7        0.0%
BANK1               50      0       0       8        0.0%
BITSFR7              0      0       0       8        0.0%
SFR7                 0      0       0       8        0.0%
BITBANK2            50      0       0       9        0.0%
BITSFR8              0      0       0       9        0.0%
SFR8                 0      0       0       9        0.0%
BANK2               50      0       0      10        0.0%
BITSFR9              0      0       0      10        0.0%
SFR9                 0      0       0      10        0.0%
BITBANK3            50      0       0      11        0.0%
BITSFR10             0      0       0      11        0.0%
SFR10                0      0       0      11        0.0%
BANK3               50      0       0      12        0.0%
BITSFR11             0      0       0      12        0.0%
SFR11                0      0       0      12        0.0%
BITBANK4            30      0       0      13        0.0%
BITSFR12             0      0       0      13        0.0%
SFR12                0      0       0      13        0.0%
BANK4               30      0       0      14        0.0%
BITSFR13             0      0       0      14        0.0%
SFR13                0      0       0      14        0.0%
BITSFR14             0      0       0      15        0.0%
SFR14                0      0       0      15        0.0%
DATA                 0      0       0      15        0.0%
BITSFR15             0      0       0      16        0.0%
SFR15                0      0       0      16        0.0%
BITSFR16             0      0       0      17        0.0%
SFR16                0      0       0      17        0.0%
BITSFR17             0      0       0      18        0.0%
SFR17                0      0       0      18        0.0%
BITSFR18             0      0       0      19        0.0%
SFR18                0      0       0      19        0.0%
BITSFR19             0      0       0      20        0.0%
SFR19                0      0       0      20        0.0%
BITSFR20             0      0       0      21        0.0%
SFR20                0      0       0      21        0.0%
BITSFR21             0      0       0      22        0.0%
SFR21                0      0       0      22        0.0%
BITSFR22             0      0       0      23        0.0%
SFR22                0      0       0      23        0.0%
BITSFR23             0      0       0      24        0.0%
SFR23                0      0       0      24        0.0%
BITSFR24             0      0       0      25        0.0%
SFR24                0      0       0      25        0.0%
BITSFR25             0      0       0      26        0.0%
SFR25                0      0       0      26        0.0%
BITSFR26             0      0       0      27        0.0%
SFR26                0      0       0      27        0.0%
BITSFR27             0      0       0      28        0.0%
SFR27                0      0       0      28        0.0%
BITSFR28             0      0       0      29        0.0%
SFR28                0      0       0      29        0.0%
BITSFR29             0      0       0      30        0.0%
SFR29                0      0       0      30        0.0%
BITSFR30             0      0       0      31        0.0%
SFR30                0      0       0      31        0.0%
BITSFR31             0      0       0      32        0.0%
SFR31                0      0       0      32        0.0%


Microchip Technology PIC Macro Assembler V2.32 build 20210201212658 
Symbol Table                                                                                   Sun Jul 04 17:32:31 2021

                             l25 0067                               l51 0085                               l45 0071  
                             l48 0081                               l92 004F                               l93 004F  
                            l721 0052                              l731 0062                              l723 0055  
                            l733 007B                              l725 0058                              l741 0068  
                            l735 007E                              l727 005A                              l751 003B  
                            l737 007F                              l729 005D                              l761 0045  
                            l753 003C                              l739 0082                              l771 004E  
                            l763 0047                              l755 003E                              l747 0036  
                            l765 0049                              l757 0040                              l749 0039  
                            l767 004B                              l759 0043                              l769 004D  
                            _GIE 005F                              _isr 0004                             ?_isr 0070  
                           _LATA 010C                             _LATB 010D                             _PEIE 005E  
                           i1l98 0073                             _WPUA 020C                             _WPUB 020D  
                           u1_20 0078                             u1_21 0077                             u2_20 000B  
                           u2_21 000A                             u3_20 0011                             u3_21 0010  
                           u4_20 0015                             u4_21 0014                             u5_20 001E  
                           u5_21 001D                             u6_20 0026                             u6_21 0025  
                           _main 0036                             _send 0072                             btemp 007E  
                           start 0030                            ??_isr 0071   __size_of_OSCILLATOR_Initialize 0007  
  __end_of_OSCILLATOR_Initialize 0082                            ?_main 0070                            ?_send 0070  
                          i1l101 007A                            i1l113 002E                            i1l743 0073  
                          i1l745 0078                            i1l781 0016                            i1l773 0006  
                          i1l791 0029                            i1l783 0019                            i1l775 000B  
                          i1l785 001E                            i1l777 0011                            i1l787 0020  
                          i1l779 0015                            i1l789 0026                            _RCREG 0199  
                          _RCSTA 019D                            _SPBRG 019B                            _TRISA 008C  
                          _TRISB 008D                            _TXREG 019A                            _TXSTA 019E  
                 _WDT_Initialize 0082                            status 0003                            wtemp0 007E  
                __initialization 0032                     __end_of_main 0052                     __end_of_send 007B  
                         ??_main 0071                           ??_send 0070           __end_of_WDT_Initialize 0086  
                         _ANSELA 018C                           _ANSELB 018D                           _BORCON 0116  
                         _OSCCON 0099                           _WDTCON 0097                  ?_WDT_Initialize 0070  
              _SYSTEM_Initialize 0068          __end_of__initialization 0032               ?_SYSTEM_Initialize 0070  
                 __pcstackCOMMON 0070              ??_SYSTEM_Initialize 0071                   _OPTION_REGbits 0095  
      __end_of_SYSTEM_Initialize 0072                       __pmaintext 0036                       __pintentry 0004  
                        _BAUDCON 019F                          _APFCON0 011D                          _APFCON1 011E  
                        _OSCTUNE 0098                          __ptext1 0068                          __ptext2 0082  
                        __ptext3 0052                          __ptext4 007B                          __ptext6 0072  
          _OSCILLATOR_Initialize 007B                     __size_of_isr 002C         ??_PIN_MANAGER_Initialize 0071  
     __size_of_SYSTEM_Initialize 000A             end_of_initialization 0032                        _RCSTAbits 019D  
               ??_WDT_Initialize 0071                        _TXSTAbits 019E           ?_OSCILLATOR_Initialize 0070  
            start_initialization 0032  __size_of_PIN_MANAGER_Initialize 0016                      __end_of_isr 0030  
                      ___latbits 0001           _PIN_MANAGER_Initialize 0052                         _PIE1bits 0091  
                       _PIR1bits 0011          ??_OSCILLATOR_Initialize 0071                    __size_of_main 001C  
                  __size_of_send 0009                         int$flags 007E          __size_of_WDT_Initialize 0004  
                       intlevel1 0000                         send@data 0070          ?_PIN_MANAGER_Initialize 0070  
 __end_of_PIN_MANAGER_Initialize 0068  
